<?xml version="1.0" encoding="UTF-8"?>
<testng-results ignored="0" total="1" passed="1" failed="0" skipped="0">
  <reporter-output>
  </reporter-output>
  <suite started-at="2026-02-26T17:10:08 IST" name="Default suite" finished-at="2026-02-26T17:10:17 IST" duration-ms="9195">
    <groups>
    </groups>
    <test started-at="2026-02-26T17:10:08 IST" name="Default test" finished-at="2026-02-26T17:10:17 IST" duration-ms="9195">
      <class name="testing.SSW">
        <test-method is-config="true" signature="setup()[pri:0, instance:testing.SSW@f5ac9e4]" started-at="2026-02-26T17:10:08 IST" name="setup" finished-at="2026-02-26T17:10:13 IST" duration-ms="5298" status="PASS">
          <reporter-output>
          </reporter-output>
        </test-method> <!-- setup -->
        <test-method signature="loginTest()[pri:0, instance:testing.SSW@f5ac9e4]" started-at="2026-02-26T17:10:13 IST" name="loginTest" finished-at="2026-02-26T17:10:16 IST" duration-ms="3038" status="PASS">
          <reporter-output>
          </reporter-output>
        </test-method> <!-- loginTest -->
        <test-method is-config="true" signature="tearDown()[pri:0, instance:testing.SSW@f5ac9e4]" started-at="2026-02-26T17:10:16 IST" name="tearDown" finished-at="2026-02-26T17:10:17 IST" duration-ms="684" status="PASS">
          <reporter-output>
          </reporter-output>
        </test-method> <!-- tearDown -->
      </class> <!-- testing.SSW -->
    </test> <!-- Default test -->
  </suite> <!-- Default suite -->
</testng-results>
